Determining if the pthread_create exist failed with the following output:
Change Dir: /home/ubuntu/nvidia-tx1/opencv_stuff/stereo-calib/build/CMakeFiles/CMakeTmp

Run Build Command:"/usr/bin/make" "cmTC_d529a/fast"
/usr/bin/make -f CMakeFiles/cmTC_d529a.dir/build.make CMakeFiles/cmTC_d529a.dir/build
make[1]: Entering directory '/home/ubuntu/nvidia-tx1/opencv_stuff/stereo-calib/build/CMakeFiles/CMakeTmp'
Building C object CMakeFiles/cmTC_d529a.dir/CheckSymbolExists.c.o
/usr/bin/cc    -fPIC    -o CMakeFiles/cmTC_d529a.dir/CheckSymbolExists.c.o   -c /home/ubuntu/nvidia-tx1/opencv_stuff/stereo-calib/build/CMakeFiles/CMakeTmp/CheckSymbolExists.c
Linking C executable cmTC_d529a
/usr/bin/cmake -E cmake_link_script CMakeFiles/cmTC_d529a.dir/link.txt --verbose=1
/usr/bin/cc  -fPIC     CMakeFiles/cmTC_d529a.dir/CheckSymbolExists.c.o  -o cmTC_d529a -rdynamic 
CMakeFiles/cmTC_d529a.dir/CheckSymbolExists.c.o: In function `main':
CheckSymbolExists.c:(.text+0x14): undefined reference to `pthread_create'
CheckSymbolExists.c:(.text+0x18): undefined reference to `pthread_create'
collect2: error: ld returned 1 exit status
CMakeFiles/cmTC_d529a.dir/build.make:97: recipe for target 'cmTC_d529a' failed
make[1]: *** [cmTC_d529a] Error 1
make[1]: Leaving directory '/home/ubuntu/nvidia-tx1/opencv_stuff/stereo-calib/build/CMakeFiles/CMakeTmp'
Makefile:126: recipe for target 'cmTC_d529a/fast' failed
make: *** [cmTC_d529a/fast] Error 2

File /home/ubuntu/nvidia-tx1/opencv_stuff/stereo-calib/build/CMakeFiles/CMakeTmp/CheckSymbolExists.c:
/* */
#include <pthread.h>

int main(int argc, char** argv)
{
  (void)argv;
#ifndef pthread_create
  return ((int*)(&pthread_create))[argc];
#else
  (void)argc;
  return 0;
#endif
}

Determining if the function pthread_create exists in the pthreads failed with the following output:
Change Dir: /home/ubuntu/nvidia-tx1/opencv_stuff/stereo-calib/build/CMakeFiles/CMakeTmp

Run Build Command:"/usr/bin/make" "cmTC_0c7ee/fast"
/usr/bin/make -f CMakeFiles/cmTC_0c7ee.dir/build.make CMakeFiles/cmTC_0c7ee.dir/build
make[1]: Entering directory '/home/ubuntu/nvidia-tx1/opencv_stuff/stereo-calib/build/CMakeFiles/CMakeTmp'
Building C object CMakeFiles/cmTC_0c7ee.dir/CheckFunctionExists.c.o
/usr/bin/cc    -fPIC -DCHECK_FUNCTION_EXISTS=pthread_create   -o CMakeFiles/cmTC_0c7ee.dir/CheckFunctionExists.c.o   -c /usr/share/cmake-3.5/Modules/CheckFunctionExists.c
Linking C executable cmTC_0c7ee
/usr/bin/cmake -E cmake_link_script CMakeFiles/cmTC_0c7ee.dir/link.txt --verbose=1
/usr/bin/cc  -fPIC -DCHECK_FUNCTION_EXISTS=pthread_create    CMakeFiles/cmTC_0c7ee.dir/CheckFunctionExists.c.o  -o cmTC_0c7ee -rdynamic -lpthreads 
/usr/bin/ld: cannot find -lpthreads
collect2: error: ld returned 1 exit status
CMakeFiles/cmTC_0c7ee.dir/build.make:97: recipe for target 'cmTC_0c7ee' failed
make[1]: *** [cmTC_0c7ee] Error 1
make[1]: Leaving directory '/home/ubuntu/nvidia-tx1/opencv_stuff/stereo-calib/build/CMakeFiles/CMakeTmp'
Makefile:126: recipe for target 'cmTC_0c7ee/fast' failed
make: *** [cmTC_0c7ee/fast] Error 2


