Determining if the pthread_create exist failed with the following output:
Change Dir: /home/ubuntu/nvidia-tx1/opencv_stuff/optical-flow/build/CMakeFiles/CMakeTmp

Run Build Command:"/usr/bin/make" "cmTC_1ae87/fast"
/usr/bin/make -f CMakeFiles/cmTC_1ae87.dir/build.make CMakeFiles/cmTC_1ae87.dir/build
make[1]: Entering directory '/home/ubuntu/nvidia-tx1/opencv_stuff/optical-flow/build/CMakeFiles/CMakeTmp'
Building C object CMakeFiles/cmTC_1ae87.dir/CheckSymbolExists.c.o
/usr/bin/cc    -fPIC    -o CMakeFiles/cmTC_1ae87.dir/CheckSymbolExists.c.o   -c /home/ubuntu/nvidia-tx1/opencv_stuff/optical-flow/build/CMakeFiles/CMakeTmp/CheckSymbolExists.c
Linking C executable cmTC_1ae87
/usr/bin/cmake -E cmake_link_script CMakeFiles/cmTC_1ae87.dir/link.txt --verbose=1
/usr/bin/cc  -fPIC     CMakeFiles/cmTC_1ae87.dir/CheckSymbolExists.c.o  -o cmTC_1ae87 -rdynamic 
CMakeFiles/cmTC_1ae87.dir/CheckSymbolExists.c.o: In function `main':
CheckSymbolExists.c:(.text+0x14): undefined reference to `pthread_create'
CheckSymbolExists.c:(.text+0x18): undefined reference to `pthread_create'
collect2: error: ld returned 1 exit status
CMakeFiles/cmTC_1ae87.dir/build.make:97: recipe for target 'cmTC_1ae87' failed
make[1]: *** [cmTC_1ae87] Error 1
make[1]: Leaving directory '/home/ubuntu/nvidia-tx1/opencv_stuff/optical-flow/build/CMakeFiles/CMakeTmp'
Makefile:126: recipe for target 'cmTC_1ae87/fast' failed
make: *** [cmTC_1ae87/fast] Error 2

File /home/ubuntu/nvidia-tx1/opencv_stuff/optical-flow/build/CMakeFiles/CMakeTmp/CheckSymbolExists.c:
/* */
#include <pthread.h>

int main(int argc, char** argv)
{
  (void)argv;
#ifndef pthread_create
  return ((int*)(&pthread_create))[argc];
#else
  (void)argc;
  return 0;
#endif
}

Determining if the function pthread_create exists in the pthreads failed with the following output:
Change Dir: /home/ubuntu/nvidia-tx1/opencv_stuff/optical-flow/build/CMakeFiles/CMakeTmp

Run Build Command:"/usr/bin/make" "cmTC_50225/fast"
/usr/bin/make -f CMakeFiles/cmTC_50225.dir/build.make CMakeFiles/cmTC_50225.dir/build
make[1]: Entering directory '/home/ubuntu/nvidia-tx1/opencv_stuff/optical-flow/build/CMakeFiles/CMakeTmp'
Building C object CMakeFiles/cmTC_50225.dir/CheckFunctionExists.c.o
/usr/bin/cc    -fPIC -DCHECK_FUNCTION_EXISTS=pthread_create   -o CMakeFiles/cmTC_50225.dir/CheckFunctionExists.c.o   -c /usr/share/cmake-3.5/Modules/CheckFunctionExists.c
Linking C executable cmTC_50225
/usr/bin/cmake -E cmake_link_script CMakeFiles/cmTC_50225.dir/link.txt --verbose=1
/usr/bin/cc  -fPIC -DCHECK_FUNCTION_EXISTS=pthread_create    CMakeFiles/cmTC_50225.dir/CheckFunctionExists.c.o  -o cmTC_50225 -rdynamic -lpthreads 
/usr/bin/ld: cannot find -lpthreads
collect2: error: ld returned 1 exit status
CMakeFiles/cmTC_50225.dir/build.make:97: recipe for target 'cmTC_50225' failed
make[1]: *** [cmTC_50225] Error 1
make[1]: Leaving directory '/home/ubuntu/nvidia-tx1/opencv_stuff/optical-flow/build/CMakeFiles/CMakeTmp'
Makefile:126: recipe for target 'cmTC_50225/fast' failed
make: *** [cmTC_50225/fast] Error 2


